Determining if the pthread_create exist failed with the following output:
Change Dir: /home/andy/Desktop/test598/curl/cmake-build-debug/CMakeFiles/CMakeTmp

Run Build Command:"/usr/bin/make" "cmTC_9a844/fast"
/usr/bin/make -f CMakeFiles/cmTC_9a844.dir/build.make CMakeFiles/cmTC_9a844.dir/build
make[1]: Entering directory '/home/andy/Desktop/test598/curl/cmake-build-debug/CMakeFiles/CMakeTmp'
Building C object CMakeFiles/cmTC_9a844.dir/CheckSymbolExists.c.o
/usr/bin/cc   -pedantic -Wall -W -Wpointer-arith -Wwrite-strings -Wunused -Wshadow -Winline -Wnested-externs -Wmissing-declarations -Wmissing-prototypes -Wno-long-long -Wfloat-equal -Wno-multichar -Wsign-compare -Wundef -Wno-format-nonliteral -Wendif-labels -Wstrict-prototypes -Wdeclaration-after-statement -Wstrict-aliasing=3 -Wcast-align -Wtype-limits -Wold-style-declaration -Wmissing-parameter-type -Wempty-body -Wclobbered -Wignored-qualifiers -Wconversion -Wno-sign-conversion -Wvla -Wdouble-promotion -Wno-system-headers    -o CMakeFiles/cmTC_9a844.dir/CheckSymbolExists.c.o   -c /home/andy/Desktop/test598/curl/cmake-build-debug/CMakeFiles/CMakeTmp/CheckSymbolExists.c
/home/andy/Desktop/test598/curl/cmake-build-debug/CMakeFiles/CMakeTmp/CheckSymbolExists.c: In function ‘main’:
/home/andy/Desktop/test598/curl/cmake-build-debug/CMakeFiles/CMakeTmp/CheckSymbolExists.c:8:11: warning: ISO C forbids conversion of function pointer to object pointer type [-Wpedantic]
   return ((int*)(&pthread_create))[argc];
           ^
Linking C executable cmTC_9a844
/home/andy/Downloads/clion-2018.2.3/bin/cmake/linux/bin/cmake -E cmake_link_script CMakeFiles/cmTC_9a844.dir/link.txt --verbose=1
/usr/bin/cc   -pedantic -Wall -W -Wpointer-arith -Wwrite-strings -Wunused -Wshadow -Winline -Wnested-externs -Wmissing-declarations -Wmissing-prototypes -Wno-long-long -Wfloat-equal -Wno-multichar -Wsign-compare -Wundef -Wno-format-nonliteral -Wendif-labels -Wstrict-prototypes -Wdeclaration-after-statement -Wstrict-aliasing=3 -Wcast-align -Wtype-limits -Wold-style-declaration -Wmissing-parameter-type -Wempty-body -Wclobbered -Wignored-qualifiers -Wconversion -Wno-sign-conversion -Wvla -Wdouble-promotion -Wno-system-headers   -Wl,-rpath,/usr/local/cyruslibs/lib -Wl,-rpath,/usr/local/cyruslibs/lib/x86_64-linux-gnu  CMakeFiles/cmTC_9a844.dir/CheckSymbolExists.c.o  -o cmTC_9a844 
CMakeFiles/cmTC_9a844.dir/CheckSymbolExists.c.o: In function `main':
CheckSymbolExists.c:(.text+0x16): undefined reference to `pthread_create'
collect2: error: ld returned 1 exit status
CMakeFiles/cmTC_9a844.dir/build.make:86: recipe for target 'cmTC_9a844' failed
make[1]: *** [cmTC_9a844] Error 1
make[1]: Leaving directory '/home/andy/Desktop/test598/curl/cmake-build-debug/CMakeFiles/CMakeTmp'
Makefile:121: recipe for target 'cmTC_9a844/fast' failed
make: *** [cmTC_9a844/fast] Error 2

File /home/andy/Desktop/test598/curl/cmake-build-debug/CMakeFiles/CMakeTmp/CheckSymbolExists.c:
/* */
#include <pthread.h>

int main(int argc, char** argv)
{
  (void)argv;
#ifndef pthread_create
  return ((int*)(&pthread_create))[argc];
#else
  (void)argc;
  return 0;
#endif
}

Determining if the function pthread_create exists in the pthreads failed with the following output:
Change Dir: /home/andy/Desktop/test598/curl/cmake-build-debug/CMakeFiles/CMakeTmp

Run Build Command:"/usr/bin/make" "cmTC_a0c3d/fast"
/usr/bin/make -f CMakeFiles/cmTC_a0c3d.dir/build.make CMakeFiles/cmTC_a0c3d.dir/build
make[1]: Entering directory '/home/andy/Desktop/test598/curl/cmake-build-debug/CMakeFiles/CMakeTmp'
Building C object CMakeFiles/cmTC_a0c3d.dir/CheckFunctionExists.c.o
/usr/bin/cc   -pedantic -Wall -W -Wpointer-arith -Wwrite-strings -Wunused -Wshadow -Winline -Wnested-externs -Wmissing-declarations -Wmissing-prototypes -Wno-long-long -Wfloat-equal -Wno-multichar -Wsign-compare -Wundef -Wno-format-nonliteral -Wendif-labels -Wstrict-prototypes -Wdeclaration-after-statement -Wstrict-aliasing=3 -Wcast-align -Wtype-limits -Wold-style-declaration -Wmissing-parameter-type -Wempty-body -Wclobbered -Wignored-qualifiers -Wconversion -Wno-sign-conversion -Wvla -Wdouble-promotion -Wno-system-headers -DCHECK_FUNCTION_EXISTS=pthread_create   -o CMakeFiles/cmTC_a0c3d.dir/CheckFunctionExists.c.o   -c /home/andy/Downloads/clion-2018.2.3/bin/cmake/linux/share/cmake-3.12/Modules/CheckFunctionExists.c
Linking C executable cmTC_a0c3d
/home/andy/Downloads/clion-2018.2.3/bin/cmake/linux/bin/cmake -E cmake_link_script CMakeFiles/cmTC_a0c3d.dir/link.txt --verbose=1
/usr/bin/cc   -pedantic -Wall -W -Wpointer-arith -Wwrite-strings -Wunused -Wshadow -Winline -Wnested-externs -Wmissing-declarations -Wmissing-prototypes -Wno-long-long -Wfloat-equal -Wno-multichar -Wsign-compare -Wundef -Wno-format-nonliteral -Wendif-labels -Wstrict-prototypes -Wdeclaration-after-statement -Wstrict-aliasing=3 -Wcast-align -Wtype-limits -Wold-style-declaration -Wmissing-parameter-type -Wempty-body -Wclobbered -Wignored-qualifiers -Wconversion -Wno-sign-conversion -Wvla -Wdouble-promotion -Wno-system-headers -DCHECK_FUNCTION_EXISTS=pthread_create  -Wl,-rpath,/usr/local/cyruslibs/lib -Wl,-rpath,/usr/local/cyruslibs/lib/x86_64-linux-gnu  CMakeFiles/cmTC_a0c3d.dir/CheckFunctionExists.c.o  -o cmTC_a0c3d -lpthreads 
/usr/bin/ld: cannot find -lpthreads
collect2: error: ld returned 1 exit status
CMakeFiles/cmTC_a0c3d.dir/build.make:86: recipe for target 'cmTC_a0c3d' failed
make[1]: *** [cmTC_a0c3d] Error 1
make[1]: Leaving directory '/home/andy/Desktop/test598/curl/cmake-build-debug/CMakeFiles/CMakeTmp'
Makefile:121: recipe for target 'cmTC_a0c3d/fast' failed
make: *** [cmTC_a0c3d/fast] Error 2


Determining if the function connect exists in the socket;dl;-lpthread failed with the following output:
Change Dir: /home/andy/Desktop/test598/curl/cmake-build-debug/CMakeFiles/CMakeTmp

Run Build Command:"/usr/bin/make" "cmTC_be68e/fast"
/usr/bin/make -f CMakeFiles/cmTC_be68e.dir/build.make CMakeFiles/cmTC_be68e.dir/build
make[1]: Entering directory '/home/andy/Desktop/test598/curl/cmake-build-debug/CMakeFiles/CMakeTmp'
Building C object CMakeFiles/cmTC_be68e.dir/CheckFunctionExists.c.o
/usr/bin/cc   -pedantic -Wall -W -Wpointer-arith -Wwrite-strings -Wunused -Wshadow -Winline -Wnested-externs -Wmissing-declarations -Wmissing-prototypes -Wno-long-long -Wfloat-equal -Wno-multichar -Wsign-compare -Wundef -Wno-format-nonliteral -Wendif-labels -Wstrict-prototypes -Wdeclaration-after-statement -Wstrict-aliasing=3 -Wcast-align -Wtype-limits -Wold-style-declaration -Wmissing-parameter-type -Wempty-body -Wclobbered -Wignored-qualifiers -Wconversion -Wno-sign-conversion -Wvla -Wdouble-promotion -Wno-system-headers -DCHECK_FUNCTION_EXISTS=connect   -o CMakeFiles/cmTC_be68e.dir/CheckFunctionExists.c.o   -c /home/andy/Downloads/clion-2018.2.3/bin/cmake/linux/share/cmake-3.12/Modules/CheckFunctionExists.c
Linking C executable cmTC_be68e
/home/andy/Downloads/clion-2018.2.3/bin/cmake/linux/bin/cmake -E cmake_link_script CMakeFiles/cmTC_be68e.dir/link.txt --verbose=1
/usr/bin/cc   -pedantic -Wall -W -Wpointer-arith -Wwrite-strings -Wunused -Wshadow -Winline -Wnested-externs -Wmissing-declarations -Wmissing-prototypes -Wno-long-long -Wfloat-equal -Wno-multichar -Wsign-compare -Wundef -Wno-format-nonliteral -Wendif-labels -Wstrict-prototypes -Wdeclaration-after-statement -Wstrict-aliasing=3 -Wcast-align -Wtype-limits -Wold-style-declaration -Wmissing-parameter-type -Wempty-body -Wclobbered -Wignored-qualifiers -Wconversion -Wno-sign-conversion -Wvla -Wdouble-promotion -Wno-system-headers -DCHECK_FUNCTION_EXISTS=connect  -Wl,-rpath,/usr/local/cyruslibs/lib -Wl,-rpath,/usr/local/cyruslibs/lib/x86_64-linux-gnu  CMakeFiles/cmTC_be68e.dir/CheckFunctionExists.c.o  -o cmTC_be68e -lsocket -ldl -lpthread 
/usr/bin/ld: cannot find -lsocket
collect2: error: ld returned 1 exit status
CMakeFiles/cmTC_be68e.dir/build.make:86: recipe for target 'cmTC_be68e' failed
make[1]: *** [cmTC_be68e] Error 1
make[1]: Leaving directory '/home/andy/Desktop/test598/curl/cmake-build-debug/CMakeFiles/CMakeTmp'
Makefile:121: recipe for target 'cmTC_be68e/fast' failed
make: *** [cmTC_be68e/fast] Error 2


Determining if the RAND_status exist failed with the following output:
Change Dir: /home/andy/Desktop/test598/curl/cmake-build-debug/CMakeFiles/CMakeTmp

Run Build Command:"/usr/bin/make" "cmTC_2e1a3/fast"
/usr/bin/make -f CMakeFiles/cmTC_2e1a3.dir/build.make CMakeFiles/cmTC_2e1a3.dir/build
make[1]: Entering directory '/home/andy/Desktop/test598/curl/cmake-build-debug/CMakeFiles/CMakeTmp'
Building C object CMakeFiles/cmTC_2e1a3.dir/CheckSymbolExists.c.o
/usr/bin/cc   -pedantic -Wall -W -Wpointer-arith -Wwrite-strings -Wunused -Wshadow -Winline -Wnested-externs -Wmissing-declarations -Wmissing-prototypes -Wno-long-long -Wfloat-equal -Wno-multichar -Wsign-compare -Wundef -Wno-format-nonliteral -Wendif-labels -Wstrict-prototypes -Wdeclaration-after-statement -Wstrict-aliasing=3 -Wcast-align -Wtype-limits -Wold-style-declaration -Wmissing-parameter-type -Wempty-body -Wclobbered -Wignored-qualifiers -Wconversion -Wno-sign-conversion -Wvla -Wdouble-promotion -Wno-system-headers    -o CMakeFiles/cmTC_2e1a3.dir/CheckSymbolExists.c.o   -c /home/andy/Desktop/test598/curl/cmake-build-debug/CMakeFiles/CMakeTmp/CheckSymbolExists.c
/home/andy/Desktop/test598/curl/cmake-build-debug/CMakeFiles/CMakeTmp/CheckSymbolExists.c: In function ‘main’:
/home/andy/Desktop/test598/curl/cmake-build-debug/CMakeFiles/CMakeTmp/CheckSymbolExists.c:7:19: error: ‘RAND_status’ undeclared (first use in this function)
   return ((int*)(&RAND_status))[argc];
                   ^
/home/andy/Desktop/test598/curl/cmake-build-debug/CMakeFiles/CMakeTmp/CheckSymbolExists.c:7:19: note: each undeclared identifier is reported only once for each function it appears in
/home/andy/Desktop/test598/curl/cmake-build-debug/CMakeFiles/CMakeTmp/CheckSymbolExists.c:3:14: warning: parameter ‘argc’ set but not used [-Wunused-but-set-parameter]
 int main(int argc, char** argv)
              ^
CMakeFiles/cmTC_2e1a3.dir/build.make:65: recipe for target 'CMakeFiles/cmTC_2e1a3.dir/CheckSymbolExists.c.o' failed
make[1]: *** [CMakeFiles/cmTC_2e1a3.dir/CheckSymbolExists.c.o] Error 1
make[1]: Leaving directory '/home/andy/Desktop/test598/curl/cmake-build-debug/CMakeFiles/CMakeTmp'
Makefile:121: recipe for target 'cmTC_2e1a3/fast' failed
make: *** [cmTC_2e1a3/fast] Error 2

File /home/andy/Desktop/test598/curl/cmake-build-debug/CMakeFiles/CMakeTmp/CheckSymbolExists.c:
/* */

int main(int argc, char** argv)
{
  (void)argv;
#ifndef RAND_status
  return ((int*)(&RAND_status))[argc];
#else
  (void)argc;
  return 0;
#endif
}

Determining if the RAND_screen exist failed with the following output:
Change Dir: /home/andy/Desktop/test598/curl/cmake-build-debug/CMakeFiles/CMakeTmp

Run Build Command:"/usr/bin/make" "cmTC_96690/fast"
/usr/bin/make -f CMakeFiles/cmTC_96690.dir/build.make CMakeFiles/cmTC_96690.dir/build
make[1]: Entering directory '/home/andy/Desktop/test598/curl/cmake-build-debug/CMakeFiles/CMakeTmp'
Building C object CMakeFiles/cmTC_96690.dir/CheckSymbolExists.c.o
/usr/bin/cc   -pedantic -Wall -W -Wpointer-arith -Wwrite-strings -Wunused -Wshadow -Winline -Wnested-externs -Wmissing-declarations -Wmissing-prototypes -Wno-long-long -Wfloat-equal -Wno-multichar -Wsign-compare -Wundef -Wno-format-nonliteral -Wendif-labels -Wstrict-prototypes -Wdeclaration-after-statement -Wstrict-aliasing=3 -Wcast-align -Wtype-limits -Wold-style-declaration -Wmissing-parameter-type -Wempty-body -Wclobbered -Wignored-qualifiers -Wconversion -Wno-sign-conversion -Wvla -Wdouble-promotion -Wno-system-headers    -o CMakeFiles/cmTC_96690.dir/CheckSymbolExists.c.o   -c /home/andy/Desktop/test598/curl/cmake-build-debug/CMakeFiles/CMakeTmp/CheckSymbolExists.c
/home/andy/Desktop/test598/curl/cmake-build-debug/CMakeFiles/CMakeTmp/CheckSymbolExists.c: In function ‘main’:
/home/andy/Desktop/test598/curl/cmake-build-debug/CMakeFiles/CMakeTmp/CheckSymbolExists.c:7:19: error: ‘RAND_screen’ undeclared (first use in this function)
   return ((int*)(&RAND_screen))[argc];
                   ^
/home/andy/Desktop/test598/curl/cmake-build-debug/CMakeFiles/CMakeTmp/CheckSymbolExists.c:7:19: note: each undeclared identifier is reported only once for each function it appears in
/home/andy/Desktop/test598/curl/cmake-build-debug/CMakeFiles/CMakeTmp/CheckSymbolExists.c:3:14: warning: parameter ‘argc’ set but not used [-Wunused-but-set-parameter]
 int main(int argc, char** argv)
              ^
CMakeFiles/cmTC_96690.dir/build.make:65: recipe for target 'CMakeFiles/cmTC_96690.dir/CheckSymbolExists.c.o' failed
make[1]: *** [CMakeFiles/cmTC_96690.dir/CheckSymbolExists.c.o] Error 1
make[1]: Leaving directory '/home/andy/Desktop/test598/curl/cmake-build-debug/CMakeFiles/CMakeTmp'
Makefile:121: recipe for target 'cmTC_96690/fast' failed
make: *** [cmTC_96690/fast] Error 2

File /home/andy/Desktop/test598/curl/cmake-build-debug/CMakeFiles/CMakeTmp/CheckSymbolExists.c:
/* */

int main(int argc, char** argv)
{
  (void)argv;
#ifndef RAND_screen
  return ((int*)(&RAND_screen))[argc];
#else
  (void)argc;
  return 0;
#endif
}

Determining if the RAND_egd exist failed with the following output:
Change Dir: /home/andy/Desktop/test598/curl/cmake-build-debug/CMakeFiles/CMakeTmp

Run Build Command:"/usr/bin/make" "cmTC_9f4d7/fast"
/usr/bin/make -f CMakeFiles/cmTC_9f4d7.dir/build.make CMakeFiles/cmTC_9f4d7.dir/build
make[1]: Entering directory '/home/andy/Desktop/test598/curl/cmake-build-debug/CMakeFiles/CMakeTmp'
Building C object CMakeFiles/cmTC_9f4d7.dir/CheckSymbolExists.c.o
/usr/bin/cc   -pedantic -Wall -W -Wpointer-arith -Wwrite-strings -Wunused -Wshadow -Winline -Wnested-externs -Wmissing-declarations -Wmissing-prototypes -Wno-long-long -Wfloat-equal -Wno-multichar -Wsign-compare -Wundef -Wno-format-nonliteral -Wendif-labels -Wstrict-prototypes -Wdeclaration-after-statement -Wstrict-aliasing=3 -Wcast-align -Wtype-limits -Wold-style-declaration -Wmissing-parameter-type -Wempty-body -Wclobbered -Wignored-qualifiers -Wconversion -Wno-sign-conversion -Wvla -Wdouble-promotion -Wno-system-headers    -o CMakeFiles/cmTC_9f4d7.dir/CheckSymbolExists.c.o   -c /home/andy/Desktop/test598/curl/cmake-build-debug/CMakeFiles/CMakeTmp/CheckSymbolExists.c
/home/andy/Desktop/test598/curl/cmake-build-debug/CMakeFiles/CMakeTmp/CheckSymbolExists.c: In function ‘main’:
/home/andy/Desktop/test598/curl/cmake-build-debug/CMakeFiles/CMakeTmp/CheckSymbolExists.c:7:19: error: ‘RAND_egd’ undeclared (first use in this function)
   return ((int*)(&RAND_egd))[argc];
                   ^
/home/andy/Desktop/test598/curl/cmake-build-debug/CMakeFiles/CMakeTmp/CheckSymbolExists.c:7:19: note: each undeclared identifier is reported only once for each function it appears in
/home/andy/Desktop/test598/curl/cmake-build-debug/CMakeFiles/CMakeTmp/CheckSymbolExists.c:3:14: warning: parameter ‘argc’ set but not used [-Wunused-but-set-parameter]
 int main(int argc, char** argv)
              ^
CMakeFiles/cmTC_9f4d7.dir/build.make:65: recipe for target 'CMakeFiles/cmTC_9f4d7.dir/CheckSymbolExists.c.o' failed
make[1]: *** [CMakeFiles/cmTC_9f4d7.dir/CheckSymbolExists.c.o] Error 1
make[1]: Leaving directory '/home/andy/Desktop/test598/curl/cmake-build-debug/CMakeFiles/CMakeTmp'
Makefile:121: recipe for target 'cmTC_9f4d7/fast' failed
make: *** [cmTC_9f4d7/fast] Error 2

File /home/andy/Desktop/test598/curl/cmake-build-debug/CMakeFiles/CMakeTmp/CheckSymbolExists.c:
/* */

int main(int argc, char** argv)
{
  (void)argv;
#ifndef RAND_egd
  return ((int*)(&RAND_egd))[argc];
#else
  (void)argc;
  return 0;
#endif
}

Determining if the function ldap_init exists in the ldap;dl;-lpthread;OpenSSL::SSL;OpenSSL::Crypto failed with the following output:
Change Dir: /home/andy/Desktop/test598/curl/cmake-build-debug/CMakeFiles/CMakeTmp

Run Build Command:"/usr/bin/make" "cmTC_2f4a3/fast"
/usr/bin/make -f CMakeFiles/cmTC_2f4a3.dir/build.make CMakeFiles/cmTC_2f4a3.dir/build
make[1]: Entering directory '/home/andy/Desktop/test598/curl/cmake-build-debug/CMakeFiles/CMakeTmp'
Building C object CMakeFiles/cmTC_2f4a3.dir/CheckFunctionExists.c.o
/usr/bin/cc   -pedantic -Wall -W -Wpointer-arith -Wwrite-strings -Wunused -Wshadow -Winline -Wnested-externs -Wmissing-declarations -Wmissing-prototypes -Wno-long-long -Wfloat-equal -Wno-multichar -Wsign-compare -Wundef -Wno-format-nonliteral -Wendif-labels -Wstrict-prototypes -Wdeclaration-after-statement -Wstrict-aliasing=3 -Wcast-align -Wtype-limits -Wold-style-declaration -Wmissing-parameter-type -Wempty-body -Wclobbered -Wignored-qualifiers -Wconversion -Wno-sign-conversion -Wvla -Wdouble-promotion -Wno-system-headers -DCHECK_FUNCTION_EXISTS=ldap_init   -o CMakeFiles/cmTC_2f4a3.dir/CheckFunctionExists.c.o   -c /home/andy/Downloads/clion-2018.2.3/bin/cmake/linux/share/cmake-3.12/Modules/CheckFunctionExists.c
Linking C executable cmTC_2f4a3
/home/andy/Downloads/clion-2018.2.3/bin/cmake/linux/bin/cmake -E cmake_link_script CMakeFiles/cmTC_2f4a3.dir/link.txt --verbose=1
/usr/bin/cc   -pedantic -Wall -W -Wpointer-arith -Wwrite-strings -Wunused -Wshadow -Winline -Wnested-externs -Wmissing-declarations -Wmissing-prototypes -Wno-long-long -Wfloat-equal -Wno-multichar -Wsign-compare -Wundef -Wno-format-nonliteral -Wendif-labels -Wstrict-prototypes -Wdeclaration-after-statement -Wstrict-aliasing=3 -Wcast-align -Wtype-limits -Wold-style-declaration -Wmissing-parameter-type -Wempty-body -Wclobbered -Wignored-qualifiers -Wconversion -Wno-sign-conversion -Wvla -Wdouble-promotion -Wno-system-headers -DCHECK_FUNCTION_EXISTS=ldap_init  -Wl,-rpath,/usr/local/cyruslibs/lib -Wl,-rpath,/usr/local/cyruslibs/lib/x86_64-linux-gnu  CMakeFiles/cmTC_2f4a3.dir/CheckFunctionExists.c.o  -o cmTC_2f4a3 -lldap -ldl -lpthread /usr/lib/x86_64-linux-gnu/libssl.so /usr/lib/x86_64-linux-gnu/libcrypto.so /usr/lib/x86_64-linux-gnu/libssl.so /usr/lib/x86_64-linux-gnu/libcrypto.so 
/usr/bin/ld: cannot find -lldap
collect2: error: ld returned 1 exit status
CMakeFiles/cmTC_2f4a3.dir/build.make:90: recipe for target 'cmTC_2f4a3' failed
make[1]: *** [cmTC_2f4a3] Error 1
make[1]: Leaving directory '/home/andy/Desktop/test598/curl/cmake-build-debug/CMakeFiles/CMakeTmp'
Makefile:121: recipe for target 'cmTC_2f4a3/fast' failed
make: *** [cmTC_2f4a3/fast] Error 2


Determining if the function ber_init exists in the lber;dl;-lpthread;OpenSSL::SSL;OpenSSL::Crypto failed with the following output:
Change Dir: /home/andy/Desktop/test598/curl/cmake-build-debug/CMakeFiles/CMakeTmp

Run Build Command:"/usr/bin/make" "cmTC_6919a/fast"
/usr/bin/make -f CMakeFiles/cmTC_6919a.dir/build.make CMakeFiles/cmTC_6919a.dir/build
make[1]: Entering directory '/home/andy/Desktop/test598/curl/cmake-build-debug/CMakeFiles/CMakeTmp'
Building C object CMakeFiles/cmTC_6919a.dir/CheckFunctionExists.c.o
/usr/bin/cc   -pedantic -Wall -W -Wpointer-arith -Wwrite-strings -Wunused -Wshadow -Winline -Wnested-externs -Wmissing-declarations -Wmissing-prototypes -Wno-long-long -Wfloat-equal -Wno-multichar -Wsign-compare -Wundef -Wno-format-nonliteral -Wendif-labels -Wstrict-prototypes -Wdeclaration-after-statement -Wstrict-aliasing=3 -Wcast-align -Wtype-limits -Wold-style-declaration -Wmissing-parameter-type -Wempty-body -Wclobbered -Wignored-qualifiers -Wconversion -Wno-sign-conversion -Wvla -Wdouble-promotion -Wno-system-headers -DCHECK_FUNCTION_EXISTS=ber_init   -o CMakeFiles/cmTC_6919a.dir/CheckFunctionExists.c.o   -c /home/andy/Downloads/clion-2018.2.3/bin/cmake/linux/share/cmake-3.12/Modules/CheckFunctionExists.c
Linking C executable cmTC_6919a
/home/andy/Downloads/clion-2018.2.3/bin/cmake/linux/bin/cmake -E cmake_link_script CMakeFiles/cmTC_6919a.dir/link.txt --verbose=1
/usr/bin/cc   -pedantic -Wall -W -Wpointer-arith -Wwrite-strings -Wunused -Wshadow -Winline -Wnested-externs -Wmissing-declarations -Wmissing-prototypes -Wno-long-long -Wfloat-equal -Wno-multichar -Wsign-compare -Wundef -Wno-format-nonliteral -Wendif-labels -Wstrict-prototypes -Wdeclaration-after-statement -Wstrict-aliasing=3 -Wcast-align -Wtype-limits -Wold-style-declaration -Wmissing-parameter-type -Wempty-body -Wclobbered -Wignored-qualifiers -Wconversion -Wno-sign-conversion -Wvla -Wdouble-promotion -Wno-system-headers -DCHECK_FUNCTION_EXISTS=ber_init  -Wl,-rpath,/usr/local/cyruslibs/lib -Wl,-rpath,/usr/local/cyruslibs/lib/x86_64-linux-gnu  CMakeFiles/cmTC_6919a.dir/CheckFunctionExists.c.o  -o cmTC_6919a -llber -ldl -lpthread /usr/lib/x86_64-linux-gnu/libssl.so /usr/lib/x86_64-linux-gnu/libcrypto.so /usr/lib/x86_64-linux-gnu/libssl.so /usr/lib/x86_64-linux-gnu/libcrypto.so 
/usr/bin/ld: cannot find -llber
collect2: error: ld returned 1 exit status
CMakeFiles/cmTC_6919a.dir/build.make:90: recipe for target 'cmTC_6919a' failed
make[1]: *** [cmTC_6919a] Error 1
make[1]: Leaving directory '/home/andy/Desktop/test598/curl/cmake-build-debug/CMakeFiles/CMakeTmp'
Makefile:121: recipe for target 'cmTC_6919a/fast' failed
make: *** [cmTC_6919a/fast] Error 2


Determining if files ;ldap.h exist failed with the following output:
Change Dir: /home/andy/Desktop/test598/curl/cmake-build-debug/CMakeFiles/CMakeTmp

Run Build Command:"/usr/bin/make" "cmTC_66042/fast"
/usr/bin/make -f CMakeFiles/cmTC_66042.dir/build.make CMakeFiles/cmTC_66042.dir/build
make[1]: Entering directory '/home/andy/Desktop/test598/curl/cmake-build-debug/CMakeFiles/CMakeTmp'
Building C object CMakeFiles/cmTC_66042.dir/HAVE_LDAP_H.c.o
/usr/bin/cc   -pedantic -Wall -W -Wpointer-arith -Wwrite-strings -Wunused -Wshadow -Winline -Wnested-externs -Wmissing-declarations -Wmissing-prototypes -Wno-long-long -Wfloat-equal -Wno-multichar -Wsign-compare -Wundef -Wno-format-nonliteral -Wendif-labels -Wstrict-prototypes -Wdeclaration-after-statement -Wstrict-aliasing=3 -Wcast-align -Wtype-limits -Wold-style-declaration -Wmissing-parameter-type -Wempty-body -Wclobbered -Wignored-qualifiers -Wconversion -Wno-sign-conversion -Wvla -Wdouble-promotion -Wno-system-headers    -o CMakeFiles/cmTC_66042.dir/HAVE_LDAP_H.c.o   -c /home/andy/Desktop/test598/curl/cmake-build-debug/CMakeFiles/CheckIncludeFiles/HAVE_LDAP_H.c
/home/andy/Desktop/test598/curl/cmake-build-debug/CMakeFiles/CheckIncludeFiles/HAVE_LDAP_H.c:2:18: fatal error: ldap.h: No such file or directory
compilation terminated.
CMakeFiles/cmTC_66042.dir/build.make:65: recipe for target 'CMakeFiles/cmTC_66042.dir/HAVE_LDAP_H.c.o' failed
make[1]: *** [CMakeFiles/cmTC_66042.dir/HAVE_LDAP_H.c.o] Error 1
make[1]: Leaving directory '/home/andy/Desktop/test598/curl/cmake-build-debug/CMakeFiles/CMakeTmp'
Makefile:121: recipe for target 'cmTC_66042/fast' failed
make: *** [cmTC_66042/fast] Error 2

Source:
/* */
#include <ldap.h>


int main(void){return 0;}

Determining if files ;lber.h exist failed with the following output:
Change Dir: /home/andy/Desktop/test598/curl/cmake-build-debug/CMakeFiles/CMakeTmp

Run Build Command:"/usr/bin/make" "cmTC_43784/fast"
/usr/bin/make -f CMakeFiles/cmTC_43784.dir/build.make CMakeFiles/cmTC_43784.dir/build
make[1]: Entering directory '/home/andy/Desktop/test598/curl/cmake-build-debug/CMakeFiles/CMakeTmp'
Building C object CMakeFiles/cmTC_43784.dir/HAVE_LBER_H.c.o
/usr/bin/cc   -pedantic -Wall -W -Wpointer-arith -Wwrite-strings -Wunused -Wshadow -Winline -Wnested-externs -Wmissing-declarations -Wmissing-prototypes -Wno-long-long -Wfloat-equal -Wno-multichar -Wsign-compare -Wundef -Wno-format-nonliteral -Wendif-labels -Wstrict-prototypes -Wdeclaration-after-statement -Wstrict-aliasing=3 -Wcast-align -Wtype-limits -Wold-style-declaration -Wmissing-parameter-type -Wempty-body -Wclobbered -Wignored-qualifiers -Wconversion -Wno-sign-conversion -Wvla -Wdouble-promotion -Wno-system-headers    -o CMakeFiles/cmTC_43784.dir/HAVE_LBER_H.c.o   -c /home/andy/Desktop/test598/curl/cmake-build-debug/CMakeFiles/CheckIncludeFiles/HAVE_LBER_H.c
/home/andy/Desktop/test598/curl/cmake-build-debug/CMakeFiles/CheckIncludeFiles/HAVE_LBER_H.c:2:18: fatal error: lber.h: No such file or directory
compilation terminated.
CMakeFiles/cmTC_43784.dir/build.make:65: recipe for target 'CMakeFiles/cmTC_43784.dir/HAVE_LBER_H.c.o' failed
make[1]: *** [CMakeFiles/cmTC_43784.dir/HAVE_LBER_H.c.o] Error 1
make[1]: Leaving directory '/home/andy/Desktop/test598/curl/cmake-build-debug/CMakeFiles/CMakeTmp'
Makefile:121: recipe for target 'cmTC_43784/fast' failed
make: *** [cmTC_43784/fast] Error 2

Source:
/* */
#include <lber.h>


int main(void){return 0;}

Determining if the function idn2_lookup_ul exists in the idn2;dl;-lpthread;OpenSSL::SSL;OpenSSL::Crypto failed with the following output:
Change Dir: /home/andy/Desktop/test598/curl/cmake-build-debug/CMakeFiles/CMakeTmp

Run Build Command:"/usr/bin/make" "cmTC_db1b8/fast"
/usr/bin/make -f CMakeFiles/cmTC_db1b8.dir/build.make CMakeFiles/cmTC_db1b8.dir/build
make[1]: Entering directory '/home/andy/Desktop/test598/curl/cmake-build-debug/CMakeFiles/CMakeTmp'
Building C object CMakeFiles/cmTC_db1b8.dir/CheckFunctionExists.c.o
/usr/bin/cc   -pedantic -Wall -W -Wpointer-arith -Wwrite-strings -Wunused -Wshadow -Winline -Wnested-externs -Wmissing-declarations -Wmissing-prototypes -Wno-long-long -Wfloat-equal -Wno-multichar -Wsign-compare -Wundef -Wno-format-nonliteral -Wendif-labels -Wstrict-prototypes -Wdeclaration-after-statement -Wstrict-aliasing=3 -Wcast-align -Wtype-limits -Wold-style-declaration -Wmissing-parameter-type -Wempty-body -Wclobbered -Wignored-qualifiers -Wconversion -Wno-sign-conversion -Wvla -Wdouble-promotion -Wno-system-headers -DCHECK_FUNCTION_EXISTS=idn2_lookup_ul   -o CMakeFiles/cmTC_db1b8.dir/CheckFunctionExists.c.o   -c /home/andy/Downloads/clion-2018.2.3/bin/cmake/linux/share/cmake-3.12/Modules/CheckFunctionExists.c
Linking C executable cmTC_db1b8
/home/andy/Downloads/clion-2018.2.3/bin/cmake/linux/bin/cmake -E cmake_link_script CMakeFiles/cmTC_db1b8.dir/link.txt --verbose=1
/usr/bin/cc   -pedantic -Wall -W -Wpointer-arith -Wwrite-strings -Wunused -Wshadow -Winline -Wnested-externs -Wmissing-declarations -Wmissing-prototypes -Wno-long-long -Wfloat-equal -Wno-multichar -Wsign-compare -Wundef -Wno-format-nonliteral -Wendif-labels -Wstrict-prototypes -Wdeclaration-after-statement -Wstrict-aliasing=3 -Wcast-align -Wtype-limits -Wold-style-declaration -Wmissing-parameter-type -Wempty-body -Wclobbered -Wignored-qualifiers -Wconversion -Wno-sign-conversion -Wvla -Wdouble-promotion -Wno-system-headers -DCHECK_FUNCTION_EXISTS=idn2_lookup_ul  -Wl,-rpath,/usr/local/cyruslibs/lib -Wl,-rpath,/usr/local/cyruslibs/lib/x86_64-linux-gnu  CMakeFiles/cmTC_db1b8.dir/CheckFunctionExists.c.o  -o cmTC_db1b8 -lidn2 -ldl -lpthread /usr/lib/x86_64-linux-gnu/libssl.so /usr/lib/x86_64-linux-gnu/libcrypto.so /usr/lib/x86_64-linux-gnu/libssl.so /usr/lib/x86_64-linux-gnu/libcrypto.so 
/usr/bin/ld: cannot find -lidn2
collect2: error: ld returned 1 exit status
CMakeFiles/cmTC_db1b8.dir/build.make:90: recipe for target 'cmTC_db1b8' failed
make[1]: *** [cmTC_db1b8] Error 1
make[1]: Leaving directory '/home/andy/Desktop/test598/curl/cmake-build-debug/CMakeFiles/CMakeTmp'
Makefile:121: recipe for target 'cmTC_db1b8/fast' failed
make: *** [cmTC_db1b8/fast] Error 2


Determining if files stdio.h;inttypes.h;sys/filio.h exist failed with the following output:
Change Dir: /home/andy/Desktop/test598/curl/cmake-build-debug/CMakeFiles/CMakeTmp

Run Build Command:"/usr/bin/make" "cmTC_08eb4/fast"
/usr/bin/make -f CMakeFiles/cmTC_08eb4.dir/build.make CMakeFiles/cmTC_08eb4.dir/build
make[1]: Entering directory '/home/andy/Desktop/test598/curl/cmake-build-debug/CMakeFiles/CMakeTmp'
Building C object CMakeFiles/cmTC_08eb4.dir/HAVE_SYS_FILIO_H.c.o
/usr/bin/cc   -pedantic -Wall -W -Wpointer-arith -Wwrite-strings -Wunused -Wshadow -Winline -Wnested-externs -Wmissing-declarations -Wmissing-prototypes -Wno-long-long -Wfloat-equal -Wno-multichar -Wsign-compare -Wundef -Wno-format-nonliteral -Wendif-labels -Wstrict-prototypes -Wdeclaration-after-statement -Wstrict-aliasing=3 -Wcast-align -Wtype-limits -Wold-style-declaration -Wmissing-parameter-type -Wempty-body -Wclobbered -Wignored-qualifiers -Wconversion -Wno-sign-conversion -Wvla -Wdouble-promotion -Wno-system-headers    -o CMakeFiles/cmTC_08eb4.dir/HAVE_SYS_FILIO_H.c.o   -c /home/andy/Desktop/test598/curl/cmake-build-debug/CMakeFiles/CheckIncludeFiles/HAVE_SYS_FILIO_H.c
/home/andy/Desktop/test598/curl/cmake-build-debug/CMakeFiles/CheckIncludeFiles/HAVE_SYS_FILIO_H.c:4:23: fatal error: sys/filio.h: No such file or directory
compilation terminated.
CMakeFiles/cmTC_08eb4.dir/build.make:65: recipe for target 'CMakeFiles/cmTC_08eb4.dir/HAVE_SYS_FILIO_H.c.o' failed
make[1]: *** [CMakeFiles/cmTC_08eb4.dir/HAVE_SYS_FILIO_H.c.o] Error 1
make[1]: Leaving directory '/home/andy/Desktop/test598/curl/cmake-build-debug/CMakeFiles/CMakeTmp'
Makefile:121: recipe for target 'cmTC_08eb4/fast' failed
make: *** [cmTC_08eb4/fast] Error 2

Source:
/* */
#include <stdio.h>
#include <inttypes.h>
#include <sys/filio.h>


int main(void){return 0;}

Determining if files stdio.h;inttypes.h;sys/ioctl.h;sys/param.h;sys/poll.h;sys/resource.h;sys/select.h;sys/socket.h;sys/sockio.h exist failed with the following output:
Change Dir: /home/andy/Desktop/test598/curl/cmake-build-debug/CMakeFiles/CMakeTmp

Run Build Command:"/usr/bin/make" "cmTC_ccb32/fast"
/usr/bin/make -f CMakeFiles/cmTC_ccb32.dir/build.make CMakeFiles/cmTC_ccb32.dir/build
make[1]: Entering directory '/home/andy/Desktop/test598/curl/cmake-build-debug/CMakeFiles/CMakeTmp'
Building C object CMakeFiles/cmTC_ccb32.dir/HAVE_SYS_SOCKIO_H.c.o
/usr/bin/cc   -pedantic -Wall -W -Wpointer-arith -Wwrite-strings -Wunused -Wshadow -Winline -Wnested-externs -Wmissing-declarations -Wmissing-prototypes -Wno-long-long -Wfloat-equal -Wno-multichar -Wsign-compare -Wundef -Wno-format-nonliteral -Wendif-labels -Wstrict-prototypes -Wdeclaration-after-statement -Wstrict-aliasing=3 -Wcast-align -Wtype-limits -Wold-style-declaration -Wmissing-parameter-type -Wempty-body -Wclobbered -Wignored-qualifiers -Wconversion -Wno-sign-conversion -Wvla -Wdouble-promotion -Wno-system-headers    -o CMakeFiles/cmTC_ccb32.dir/HAVE_SYS_SOCKIO_H.c.o   -c /home/andy/Desktop/test598/curl/cmake-build-debug/CMakeFiles/CheckIncludeFiles/HAVE_SYS_SOCKIO_H.c
/home/andy/Desktop/test598/curl/cmake-build-debug/CMakeFiles/CheckIncludeFiles/HAVE_SYS_SOCKIO_H.c:10:24: fatal error: sys/sockio.h: No such file or directory
compilation terminated.
CMakeFiles/cmTC_ccb32.dir/build.make:65: recipe for target 'CMakeFiles/cmTC_ccb32.dir/HAVE_SYS_SOCKIO_H.c.o' failed
make[1]: *** [CMakeFiles/cmTC_ccb32.dir/HAVE_SYS_SOCKIO_H.c.o] Error 1
make[1]: Leaving directory '/home/andy/Desktop/test598/curl/cmake-build-debug/CMakeFiles/CMakeTmp'
Makefile:121: recipe for target 'cmTC_ccb32/fast' failed
make: *** [cmTC_ccb32/fast] Error 2

Source:
/* */
#include <stdio.h>
#include <inttypes.h>
#include <sys/ioctl.h>
#include <sys/param.h>
#include <sys/poll.h>
#include <sys/resource.h>
#include <sys/select.h>
#include <sys/socket.h>
#include <sys/sockio.h>


int main(void){return 0;}

Determining if files stdio.h;inttypes.h;sys/ioctl.h;sys/param.h;sys/poll.h;sys/resource.h;sys/select.h;sys/socket.h;sys/stat.h;sys/time.h;sys/types.h;sys/uio.h;sys/un.h;sys/utime.h exist failed with the following output:
Change Dir: /home/andy/Desktop/test598/curl/cmake-build-debug/CMakeFiles/CMakeTmp

Run Build Command:"/usr/bin/make" "cmTC_855f0/fast"
/usr/bin/make -f CMakeFiles/cmTC_855f0.dir/build.make CMakeFiles/cmTC_855f0.dir/build
make[1]: Entering directory '/home/andy/Desktop/test598/curl/cmake-build-debug/CMakeFiles/CMakeTmp'
Building C object CMakeFiles/cmTC_855f0.dir/HAVE_SYS_UTIME_H.c.o
/usr/bin/cc   -pedantic -Wall -W -Wpointer-arith -Wwrite-strings -Wunused -Wshadow -Winline -Wnested-externs -Wmissing-declarations -Wmissing-prototypes -Wno-long-long -Wfloat-equal -Wno-multichar -Wsign-compare -Wundef -Wno-format-nonliteral -Wendif-labels -Wstrict-prototypes -Wdeclaration-after-statement -Wstrict-aliasing=3 -Wcast-align -Wtype-limits -Wold-style-declaration -Wmissing-parameter-type -Wempty-body -Wclobbered -Wignored-qualifiers -Wconversion -Wno-sign-conversion -Wvla -Wdouble-promotion -Wno-system-headers    -o CMakeFiles/cmTC_855f0.dir/HAVE_SYS_UTIME_H.c.o   -c /home/andy/Desktop/test598/curl/cmake-build-debug/CMakeFiles/CheckIncludeFiles/HAVE_SYS_UTIME_H.c
/home/andy/Desktop/test598/curl/cmake-build-debug/CMakeFiles/CheckIncludeFiles/HAVE_SYS_UTIME_H.c:15:23: fatal error: sys/utime.h: No such file or directory
compilation terminated.
CMakeFiles/cmTC_855f0.dir/build.make:65: recipe for target 'CMakeFiles/cmTC_855f0.dir/HAVE_SYS_UTIME_H.c.o' failed
make[1]: *** [CMakeFiles/cmTC_855f0.dir/HAVE_SYS_UTIME_H.c.o] Error 1
make[1]: Leaving directory '/home/andy/Desktop/test598/curl/cmake-build-debug/CMakeFiles/CMakeTmp'
Makefile:121: recipe for target 'cmTC_855f0/fast' failed
make: *** [cmTC_855f0/fast] Error 2

Source:
/* */
#include <stdio.h>
#include <inttypes.h>
#include <sys/ioctl.h>
#include <sys/param.h>
#include <sys/poll.h>
#include <sys/resource.h>
#include <sys/select.h>
#include <sys/socket.h>
#include <sys/stat.h>
#include <sys/time.h>
#include <sys/types.h>
#include <sys/uio.h>
#include <sys/un.h>
#include <sys/utime.h>


int main(void){return 0;}

Determining if files stdio.h;inttypes.h;sys/ioctl.h;sys/param.h;sys/poll.h;sys/resource.h;sys/select.h;sys/socket.h;sys/stat.h;sys/time.h;sys/types.h;sys/uio.h;sys/un.h;sys/xattr.h;alloca.h;arpa/inet.h;arpa/tftp.h;assert.h;crypto.h exist failed with the following output:
Change Dir: /home/andy/Desktop/test598/curl/cmake-build-debug/CMakeFiles/CMakeTmp

Run Build Command:"/usr/bin/make" "cmTC_e3cb9/fast"
/usr/bin/make -f CMakeFiles/cmTC_e3cb9.dir/build.make CMakeFiles/cmTC_e3cb9.dir/build
make[1]: Entering directory '/home/andy/Desktop/test598/curl/cmake-build-debug/CMakeFiles/CMakeTmp'
Building C object CMakeFiles/cmTC_e3cb9.dir/HAVE_CRYPTO_H.c.o
/usr/bin/cc   -pedantic -Wall -W -Wpointer-arith -Wwrite-strings -Wunused -Wshadow -Winline -Wnested-externs -Wmissing-declarations -Wmissing-prototypes -Wno-long-long -Wfloat-equal -Wno-multichar -Wsign-compare -Wundef -Wno-format-nonliteral -Wendif-labels -Wstrict-prototypes -Wdeclaration-after-statement -Wstrict-aliasing=3 -Wcast-align -Wtype-limits -Wold-style-declaration -Wmissing-parameter-type -Wempty-body -Wclobbered -Wignored-qualifiers -Wconversion -Wno-sign-conversion -Wvla -Wdouble-promotion -Wno-system-headers    -o CMakeFiles/cmTC_e3cb9.dir/HAVE_CRYPTO_H.c.o   -c /home/andy/Desktop/test598/curl/cmake-build-debug/CMakeFiles/CheckIncludeFiles/HAVE_CRYPTO_H.c
/home/andy/Desktop/test598/curl/cmake-build-debug/CMakeFiles/CheckIncludeFiles/HAVE_CRYPTO_H.c:20:20: fatal error: crypto.h: No such file or directory
compilation terminated.
CMakeFiles/cmTC_e3cb9.dir/build.make:65: recipe for target 'CMakeFiles/cmTC_e3cb9.dir/HAVE_CRYPTO_H.c.o' failed
make[1]: *** [CMakeFiles/cmTC_e3cb9.dir/HAVE_CRYPTO_H.c.o] Error 1
make[1]: Leaving directory '/home/andy/Desktop/test598/curl/cmake-build-debug/CMakeFiles/CMakeTmp'
Makefile:121: recipe for target 'cmTC_e3cb9/fast' failed
make: *** [cmTC_e3cb9/fast] Error 2

Source:
/* */
#include <stdio.h>
#include <inttypes.h>
#include <sys/ioctl.h>
#include <sys/param.h>
#include <sys/poll.h>
#include <sys/resource.h>
#include <sys/select.h>
#include <sys/socket.h>
#include <sys/stat.h>
#include <sys/time.h>
#include <sys/types.h>
#include <sys/uio.h>
#include <sys/un.h>
#include <sys/xattr.h>
#include <alloca.h>
#include <arpa/inet.h>
#include <arpa/tftp.h>
#include <assert.h>
#include <crypto.h>


int main(void){return 0;}

Determining if files stdio.h;inttypes.h;sys/ioctl.h;sys/param.h;sys/poll.h;sys/resource.h;sys/select.h;sys/socket.h;sys/stat.h;sys/time.h;sys/types.h;sys/uio.h;sys/un.h;sys/xattr.h;alloca.h;arpa/inet.h;arpa/tftp.h;assert.h;des.h exist failed with the following output:
Change Dir: /home/andy/Desktop/test598/curl/cmake-build-debug/CMakeFiles/CMakeTmp

Run Build Command:"/usr/bin/make" "cmTC_8cbf5/fast"
/usr/bin/make -f CMakeFiles/cmTC_8cbf5.dir/build.make CMakeFiles/cmTC_8cbf5.dir/build
make[1]: Entering directory '/home/andy/Desktop/test598/curl/cmake-build-debug/CMakeFiles/CMakeTmp'
Building C object CMakeFiles/cmTC_8cbf5.dir/HAVE_DES_H.c.o
/usr/bin/cc   -pedantic -Wall -W -Wpointer-arith -Wwrite-strings -Wunused -Wshadow -Winline -Wnested-externs -Wmissing-declarations -Wmissing-prototypes -Wno-long-long -Wfloat-equal -Wno-multichar -Wsign-compare -Wundef -Wno-format-nonliteral -Wendif-labels -Wstrict-prototypes -Wdeclaration-after-statement -Wstrict-aliasing=3 -Wcast-align -Wtype-limits -Wold-style-declaration -Wmissing-parameter-type -Wempty-body -Wclobbered -Wignored-qualifiers -Wconversion -Wno-sign-conversion -Wvla -Wdouble-promotion -Wno-system-headers    -o CMakeFiles/cmTC_8cbf5.dir/HAVE_DES_H.c.o   -c /home/andy/Desktop/test598/curl/cmake-build-debug/CMakeFiles/CheckIncludeFiles/HAVE_DES_H.c
/home/andy/Desktop/test598/curl/cmake-build-debug/CMakeFiles/CheckIncludeFiles/HAVE_DES_H.c:20:17: fatal error: des.h: No such file or directory
compilation terminated.
CMakeFiles/cmTC_8cbf5.dir/build.make:65: recipe for target 'CMakeFiles/cmTC_8cbf5.dir/HAVE_DES_H.c.o' failed
make[1]: *** [CMakeFiles/cmTC_8cbf5.dir/HAVE_DES_H.c.o] Error 1
make[1]: Leaving directory '/home/andy/Desktop/test598/curl/cmake-build-debug/CMakeFiles/CMakeTmp'
Makefile:121: recipe for target 'cmTC_8cbf5/fast' failed
make: *** [cmTC_8cbf5/fast] Error 2

Source:
/* */
#include <stdio.h>
#include <inttypes.h>
#include <sys/ioctl.h>
#include <sys/param.h>
#include <sys/poll.h>
#include <sys/resource.h>
#include <sys/select.h>
#include <sys/socket.h>
#include <sys/stat.h>
#include <sys/time.h>
#include <sys/types.h>
#include <sys/uio.h>
#include <sys/un.h>
#include <sys/xattr.h>
#include <alloca.h>
#include <arpa/inet.h>
#include <arpa/tftp.h>
#include <assert.h>
#include <des.h>


int main(void){return 0;}

Determining if files stdio.h;inttypes.h;sys/ioctl.h;sys/param.h;sys/poll.h;sys/resource.h;sys/select.h;sys/socket.h;sys/stat.h;sys/time.h;sys/types.h;sys/uio.h;sys/un.h;sys/xattr.h;alloca.h;arpa/inet.h;arpa/tftp.h;assert.h;err.h;errno.h;fcntl.h;idn2.h exist failed with the following output:
Change Dir: /home/andy/Desktop/test598/curl/cmake-build-debug/CMakeFiles/CMakeTmp

Run Build Command:"/usr/bin/make" "cmTC_88f05/fast"
/usr/bin/make -f CMakeFiles/cmTC_88f05.dir/build.make CMakeFiles/cmTC_88f05.dir/build
make[1]: Entering directory '/home/andy/Desktop/test598/curl/cmake-build-debug/CMakeFiles/CMakeTmp'
Building C object CMakeFiles/cmTC_88f05.dir/HAVE_IDN2_H.c.o
/usr/bin/cc   -pedantic -Wall -W -Wpointer-arith -Wwrite-strings -Wunused -Wshadow -Winline -Wnested-externs -Wmissing-declarations -Wmissing-prototypes -Wno-long-long -Wfloat-equal -Wno-multichar -Wsign-compare -Wundef -Wno-format-nonliteral -Wendif-labels -Wstrict-prototypes -Wdeclaration-after-statement -Wstrict-aliasing=3 -Wcast-align -Wtype-limits -Wold-style-declaration -Wmissing-parameter-type -Wempty-body -Wclobbered -Wignored-qualifiers -Wconversion -Wno-sign-conversion -Wvla -Wdouble-promotion -Wno-system-headers    -o CMakeFiles/cmTC_88f05.dir/HAVE_IDN2_H.c.o   -c /home/andy/Desktop/test598/curl/cmake-build-debug/CMakeFiles/CheckIncludeFiles/HAVE_IDN2_H.c
/home/andy/Desktop/test598/curl/cmake-build-debug/CMakeFiles/CheckIncludeFiles/HAVE_IDN2_H.c:23:18: fatal error: idn2.h: No such file or directory
compilation terminated.
CMakeFiles/cmTC_88f05.dir/build.make:65: recipe for target 'CMakeFiles/cmTC_88f05.dir/HAVE_IDN2_H.c.o' failed
make[1]: *** [CMakeFiles/cmTC_88f05.dir/HAVE_IDN2_H.c.o] Error 1
make[1]: Leaving directory '/home/andy/Desktop/test598/curl/cmake-build-debug/CMakeFiles/CMakeTmp'
Makefile:121: recipe for target 'cmTC_88f05/fast' failed
make: *** [cmTC_88f05/fast] Error 2

Source:
/* */
#include <stdio.h>
#include <inttypes.h>
#include <sys/ioctl.h>
#include <sys/param.h>
#include <sys/poll.h>
#include <sys/resource.h>
#include <sys/select.h>
#include <sys/socket.h>
#include <sys/stat.h>
#include <sys/time.h>
#include <sys/types.h>
#include <sys/uio.h>
#include <sys/un.h>
#include <sys/xattr.h>
#include <alloca.h>
#include <arpa/inet.h>
#include <arpa/tftp.h>
#include <assert.h>
#include <err.h>
#include <errno.h>
#include <fcntl.h>
#include <idn2.h>


int main(void){return 0;}

Determining if files stdio.h;inttypes.h;sys/ioctl.h;sys/param.h;sys/poll.h;sys/resource.h;sys/select.h;sys/socket.h;sys/stat.h;sys/time.h;sys/types.h;sys/uio.h;sys/un.h;sys/xattr.h;alloca.h;arpa/inet.h;arpa/tftp.h;assert.h;err.h;errno.h;fcntl.h;ifaddrs.h;io.h exist failed with the following output:
Change Dir: /home/andy/Desktop/test598/curl/cmake-build-debug/CMakeFiles/CMakeTmp

Run Build Command:"/usr/bin/make" "cmTC_4b29e/fast"
/usr/bin/make -f CMakeFiles/cmTC_4b29e.dir/build.make CMakeFiles/cmTC_4b29e.dir/build
make[1]: Entering directory '/home/andy/Desktop/test598/curl/cmake-build-debug/CMakeFiles/CMakeTmp'
Building C object CMakeFiles/cmTC_4b29e.dir/HAVE_IO_H.c.o
/usr/bin/cc   -pedantic -Wall -W -Wpointer-arith -Wwrite-strings -Wunused -Wshadow -Winline -Wnested-externs -Wmissing-declarations -Wmissing-prototypes -Wno-long-long -Wfloat-equal -Wno-multichar -Wsign-compare -Wundef -Wno-format-nonliteral -Wendif-labels -Wstrict-prototypes -Wdeclaration-after-statement -Wstrict-aliasing=3 -Wcast-align -Wtype-limits -Wold-style-declaration -Wmissing-parameter-type -Wempty-body -Wclobbered -Wignored-qualifiers -Wconversion -Wno-sign-conversion -Wvla -Wdouble-promotion -Wno-system-headers    -o CMakeFiles/cmTC_4b29e.dir/HAVE_IO_H.c.o   -c /home/andy/Desktop/test598/curl/cmake-build-debug/CMakeFiles/CheckIncludeFiles/HAVE_IO_H.c
/home/andy/Desktop/test598/curl/cmake-build-debug/CMakeFiles/CheckIncludeFiles/HAVE_IO_H.c:24:16: fatal error: io.h: No such file or directory
compilation terminated.
CMakeFiles/cmTC_4b29e.dir/build.make:65: recipe for target 'CMakeFiles/cmTC_4b29e.dir/HAVE_IO_H.c.o' failed
make[1]: *** [CMakeFiles/cmTC_4b29e.dir/HAVE_IO_H.c.o] Error 1
make[1]: Leaving directory '/home/andy/Desktop/test598/curl/cmake-build-debug/CMakeFiles/CMakeTmp'
Makefile:121: recipe for target 'cmTC_4b29e/fast' failed
make: *** [cmTC_4b29e/fast] Error 2

Source:
/* */
#include <stdio.h>
#include <inttypes.h>
#include <sys/ioctl.h>
#include <sys/param.h>
#include <sys/poll.h>
#include <sys/resource.h>
#include <sys/select.h>
#include <sys/socket.h>
#include <sys/stat.h>
#include <sys/time.h>
#include <sys/types.h>
#include <sys/uio.h>
#include <sys/un.h>
#include <sys/xattr.h>
#include <alloca.h>
#include <arpa/inet.h>
#include <arpa/tftp.h>
#include <assert.h>
#include <err.h>
#include <errno.h>
#include <fcntl.h>
#include <ifaddrs.h>
#include <io.h>


int main(void){return 0;}

Determining if files stdio.h;inttypes.h;sys/ioctl.h;sys/param.h;sys/poll.h;sys/resource.h;sys/select.h;sys/socket.h;sys/stat.h;sys/time.h;sys/types.h;sys/uio.h;sys/un.h;sys/xattr.h;alloca.h;arpa/inet.h;arpa/tftp.h;assert.h;err.h;errno.h;fcntl.h;ifaddrs.h;krb.h exist failed with the following output:
Change Dir: /home/andy/Desktop/test598/curl/cmake-build-debug/CMakeFiles/CMakeTmp

Run Build Command:"/usr/bin/make" "cmTC_8d800/fast"
/usr/bin/make -f CMakeFiles/cmTC_8d800.dir/build.make CMakeFiles/cmTC_8d800.dir/build
make[1]: Entering directory '/home/andy/Desktop/test598/curl/cmake-build-debug/CMakeFiles/CMakeTmp'
Building C object CMakeFiles/cmTC_8d800.dir/HAVE_KRB_H.c.o
/usr/bin/cc   -pedantic -Wall -W -Wpointer-arith -Wwrite-strings -Wunused -Wshadow -Winline -Wnested-externs -Wmissing-declarations -Wmissing-prototypes -Wno-long-long -Wfloat-equal -Wno-multichar -Wsign-compare -Wundef -Wno-format-nonliteral -Wendif-labels -Wstrict-prototypes -Wdeclaration-after-statement -Wstrict-aliasing=3 -Wcast-align -Wtype-limits -Wold-style-declaration -Wmissing-parameter-type -Wempty-body -Wclobbered -Wignored-qualifiers -Wconversion -Wno-sign-conversion -Wvla -Wdouble-promotion -Wno-system-headers    -o CMakeFiles/cmTC_8d800.dir/HAVE_KRB_H.c.o   -c /home/andy/Desktop/test598/curl/cmake-build-debug/CMakeFiles/CheckIncludeFiles/HAVE_KRB_H.c
/home/andy/Desktop/test598/curl/cmake-build-debug/CMakeFiles/CheckIncludeFiles/HAVE_KRB_H.c:24:17: fatal error: krb.h: No such file or directory
compilation terminated.
CMakeFiles/cmTC_8d800.dir/build.make:65: recipe for target 'CMakeFiles/cmTC_8d800.dir/HAVE_KRB_H.c.o' failed
make[1]: *** [CMakeFiles/cmTC_8d800.dir/HAVE_KRB_H.c.o] Error 1
make[1]: Leaving directory '/home/andy/Desktop/test598/curl/cmake-build-debug/CMakeFiles/CMakeTmp'
Makefile:121: recipe for target 'cmTC_8d800/fast' failed
make: *** [cmTC_8d800/fast] Error 2

Source:
/* */
#include <stdio.h>
#include <inttypes.h>
#include <sys/ioctl.h>
#include <sys/param.h>
#include <sys/poll.h>
#include <sys/resource.h>
#include <sys/select.h>
#include <sys/socket.h>
#include <sys/stat.h>
#include <sys/time.h>
#include <sys/types.h>
#include <sys/uio.h>
#include <sys/un.h>
#include <sys/xattr.h>
#include <alloca.h>
#include <arpa/inet.h>
#include <arpa/tftp.h>
#include <assert.h>
#include <err.h>
#include <errno.h>
#include <fcntl.h>
#include <ifaddrs.h>
#include <krb.h>


int main(void){return 0;}

Determining if files stdio.h;inttypes.h;sys/ioctl.h;sys/param.h;sys/poll.h;sys/resource.h;sys/select.h;sys/socket.h;sys/stat.h;sys/time.h;sys/types.h;sys/uio.h;sys/un.h;sys/xattr.h;alloca.h;arpa/inet.h;arpa/tftp.h;assert.h;err.h;errno.h;fcntl.h;ifaddrs.h;libgen.h;locale.h;net/if.h;netdb.h;netinet/in.h;netinet/tcp.h;pem.h exist failed with the following output:
Change Dir: /home/andy/Desktop/test598/curl/cmake-build-debug/CMakeFiles/CMakeTmp

Run Build Command:"/usr/bin/make" "cmTC_c4975/fast"
/usr/bin/make -f CMakeFiles/cmTC_c4975.dir/build.make CMakeFiles/cmTC_c4975.dir/build
make[1]: Entering directory '/home/andy/Desktop/test598/curl/cmake-build-debug/CMakeFiles/CMakeTmp'
Building C object CMakeFiles/cmTC_c4975.dir/HAVE_PEM_H.c.o
/usr/bin/cc   -pedantic -Wall -W -Wpointer-arith -Wwrite-strings -Wunused -Wshadow -Winline -Wnested-externs -Wmissing-declarations -Wmissing-prototypes -Wno-long-long -Wfloat-equal -Wno-multichar -Wsign-compare -Wundef -Wno-format-nonliteral -Wendif-labels -Wstrict-prototypes -Wdeclaration-after-statement -Wstrict-aliasing=3 -Wcast-align -Wtype-limits -Wold-style-declaration -Wmissing-parameter-type -Wempty-body -Wclobbered -Wignored-qualifiers -Wconversion -Wno-sign-conversion -Wvla -Wdouble-promotion -Wno-system-headers    -o CMakeFiles/cmTC_c4975.dir/HAVE_PEM_H.c.o   -c /home/andy/Desktop/test598/curl/cmake-build-debug/CMakeFiles/CheckIncludeFiles/HAVE_PEM_H.c
/home/andy/Desktop/test598/curl/cmake-build-debug/CMakeFiles/CheckIncludeFiles/HAVE_PEM_H.c:30:17: fatal error: pem.h: No such file or directory
compilation terminated.
CMakeFiles/cmTC_c4975.dir/build.make:65: recipe for target 'CMakeFiles/cmTC_c4975.dir/HAVE_PEM_H.c.o' failed
make[1]: *** [CMakeFiles/cmTC_c4975.dir/HAVE_PEM_H.c.o] Error 1
make[1]: Leaving directory '/home/andy/Desktop/test598/curl/cmake-build-debug/CMakeFiles/CMakeTmp'
Makefile:121: recipe for target 'cmTC_c4975/fast' failed
make: *** [cmTC_c4975/fast] Error 2

Source:
/* */
#include <stdio.h>
#include <inttypes.h>
#include <sys/ioctl.h>
#include <sys/param.h>
#include <sys/poll.h>
#include <sys/resource.h>
#include <sys/select.h>
#include <sys/socket.h>
#include <sys/stat.h>
#include <sys/time.h>
#include <sys/types.h>
#include <sys/uio.h>
#include <sys/un.h>
#include <sys/xattr.h>
#include <alloca.h>
#include <arpa/inet.h>
#include <arpa/tftp.h>
#include <assert.h>
#include <err.h>
#include <errno.h>
#include <fcntl.h>
#include <ifaddrs.h>
#include <libgen.h>
#include <locale.h>
#include <net/if.h>
#include <netdb.h>
#include <netinet/in.h>
#include <netinet/tcp.h>
#include <pem.h>


int main(void){return 0;}

Determining if files stdio.h;inttypes.h;sys/ioctl.h;sys/param.h;sys/poll.h;sys/resource.h;sys/select.h;sys/socket.h;sys/stat.h;sys/time.h;sys/types.h;sys/uio.h;sys/un.h;sys/xattr.h;alloca.h;arpa/inet.h;arpa/tftp.h;assert.h;err.h;errno.h;fcntl.h;ifaddrs.h;libgen.h;locale.h;net/if.h;netdb.h;netinet/in.h;netinet/tcp.h;poll.h;pwd.h;rsa.h exist failed with the following output:
Change Dir: /home/andy/Desktop/test598/curl/cmake-build-debug/CMakeFiles/CMakeTmp

Run Build Command:"/usr/bin/make" "cmTC_caf5a/fast"
/usr/bin/make -f CMakeFiles/cmTC_caf5a.dir/build.make CMakeFiles/cmTC_caf5a.dir/build
make[1]: Entering directory '/home/andy/Desktop/test598/curl/cmake-build-debug/CMakeFiles/CMakeTmp'
Building C object CMakeFiles/cmTC_caf5a.dir/HAVE_RSA_H.c.o
/usr/bin/cc   -pedantic -Wall -W -Wpointer-arith -Wwrite-strings -Wunused -Wshadow -Winline -Wnested-externs -Wmissing-declarations -Wmissing-prototypes -Wno-long-long -Wfloat-equal -Wno-multichar -Wsign-compare -Wundef -Wno-format-nonliteral -Wendif-labels -Wstrict-prototypes -Wdeclaration-after-statement -Wstrict-aliasing=3 -Wcast-align -Wtype-limits -Wold-style-declaration -Wmissing-parameter-type -Wempty-body -Wclobbered -Wignored-qualifiers -Wconversion -Wno-sign-conversion -Wvla -Wdouble-promotion -Wno-system-headers    -o CMakeFiles/cmTC_caf5a.dir/HAVE_RSA_H.c.o   -c /home/andy/Desktop/test598/curl/cmake-build-debug/CMakeFiles/CheckIncludeFiles/HAVE_RSA_H.c
/home/andy/Desktop/test598/curl/cmake-build-debug/CMakeFiles/CheckIncludeFiles/HAVE_RSA_H.c:32:17: fatal error: rsa.h: No such file or directory
compilation terminated.
CMakeFiles/cmTC_caf5a.dir/build.make:65: recipe for target 'CMakeFiles/cmTC_caf5a.dir/HAVE_RSA_H.c.o' failed
make[1]: *** [CMakeFiles/cmTC_caf5a.dir/HAVE_RSA_H.c.o] Error 1
make[1]: Leaving directory '/home/andy/Desktop/test598/curl/cmake-build-debug/CMakeFiles/CMakeTmp'
Makefile:121: recipe for target 'cmTC_caf5a/fast' failed
make: *** [cmTC_caf5a/fast] Error 2

Source:
/* */
#include <stdio.h>
#include <inttypes.h>
#include <sys/ioctl.h>
#include <sys/param.h>
#include <sys/poll.h>
#include <sys/resource.h>
#include <sys/select.h>
#include <sys/socket.h>
#include <sys/stat.h>
#include <sys/time.h>
#include <sys/types.h>
#include <sys/uio.h>
#include <sys/un.h>
#include <sys/xattr.h>
#include <alloca.h>
#include <arpa/inet.h>
#include <arpa/tftp.h>
#include <assert.h>
#include <err.h>
#include <errno.h>
#include <fcntl.h>
#include <ifaddrs.h>
#include <libgen.h>
#include <locale.h>
#include <net/if.h>
#include <netdb.h>
#include <netinet/in.h>
#include <netinet/tcp.h>
#include <poll.h>
#include <pwd.h>
#include <rsa.h>


int main(void){return 0;}

